<?xml version="1.0" encoding="UTF-8"?>
<testsuite name="com.albedo.java.modules.sys.service.UserServiceTest" time="1.186" tests="19" errors="0" skipped="0" failures="0">
  <properties>
[...]
</properties>
  <testcase name="deletesAUserById" classname="com.albedo.java.modules.sys.service.UserServiceTest" time="0.378"/>
  <testcase name="existReturnsWhetherAnEntityCanBeLoaded" classname="com.albedo.java.modules.sys.service.UserServiceTest" time="0.068"/>
  <testcase name="testReadByIdReturnsNullForNotFoundEntities" classname="com.albedo.java.modules.sys.service.UserServiceTest" time="0.053"/>
  <testcase name="deleteColletionOfEntities" classname="com.albedo.java.modules.sys.service.UserServiceTest" time="0.077"/>
  <testcase name="testRead" classname="com.albedo.java.modules.sys.service.UserServiceTest" time="0.068"/>
  <testcase name="findPage" classname="com.albedo.java.modules.sys.service.UserServiceTest" time="0.112"/>
  <testcase name="deleteAll" classname="com.albedo.java.modules.sys.service.UserServiceTest" time="0.063"/>
  <testcase name="returnsAllSortedCorrectly" classname="com.albedo.java.modules.sys.service.UserServiceTest" time="0.051"/>
  <testcase name="testReadAll" classname="com.albedo.java.modules.sys.service.UserServiceTest" time="0.042"/>
  <testcase name="returnsAllAsPageIfNoPageableIsGiven" classname="com.albedo.java.modules.sys.service.UserServiceTest" time="0.05"/>
  <testcase name="savingNullCollectionIsNoOp" classname="com.albedo.java.modules.sys.service.UserServiceTest" time="0.003"/>
  <testcase name="savingEmptyCollectionIsNoOp" classname="com.albedo.java.modules.sys.service.UserServiceTest" time="0.002"/>
  <testcase name="testDelete" classname="com.albedo.java.modules.sys.service.UserServiceTest" time="0.044"/>
  <testcase name="savesCollectionCorrectly" classname="com.albedo.java.modules.sys.service.UserServiceTest" time="0.012"/>
  <testcase name="testCountsCorrectly" classname="com.albedo.java.modules.sys.service.UserServiceTest" time="0.009"/>
  <testcase name="returnsAllIgnoreCaseSortedCorrectly" classname="com.albedo.java.modules.sys.service.UserServiceTest" time="0.041"/>
  <testcase name="testUpdate" classname="com.albedo.java.modules.sys.service.UserServiceTest" time="0.035"/>
  <testcase name="deleteEmptyCollectionDoesNotDeleteAnything" classname="com.albedo.java.modules.sys.service.UserServiceTest" time="0.036"/>
  <testcase name="returnsSameListIfNoSortIsGiven" classname="com.albedo.java.modules.sys.service.UserServiceTest" time="0.042"/>
</testsuite>