<?xml version="1.0" encoding="UTF-8"?>
<testsuite name="com.albedo.java.modules.sys.service.UserServiceTest" time="1.103" tests="19" errors="0" skipped="0" failures="0">
  <properties>
[...]
</properties>
  <testcase name="deletesAUserById" classname="com.albedo.java.modules.sys.service.UserServiceTest" time="0.364"/>
  <testcase name="existReturnsWhetherAnEntityCanBeLoaded" classname="com.albedo.java.modules.sys.service.UserServiceTest" time="0.068"/>
  <testcase name="testReadByIdReturnsNullForNotFoundEntities" classname="com.albedo.java.modules.sys.service.UserServiceTest" time="0.049"/>
  <testcase name="deleteColletionOfEntities" classname="com.albedo.java.modules.sys.service.UserServiceTest" time="0.059"/>
  <testcase name="testRead" classname="com.albedo.java.modules.sys.service.UserServiceTest" time="0.041"/>
  <testcase name="findPage" classname="com.albedo.java.modules.sys.service.UserServiceTest" time="0.106"/>
  <testcase name="deleteAll" classname="com.albedo.java.modules.sys.service.UserServiceTest" time="0.042"/>
  <testcase name="returnsAllSortedCorrectly" classname="com.albedo.java.modules.sys.service.UserServiceTest" time="0.05"/>
  <testcase name="testReadAll" classname="com.albedo.java.modules.sys.service.UserServiceTest" time="0.054"/>
  <testcase name="returnsAllAsPageIfNoPageableIsGiven" classname="com.albedo.java.modules.sys.service.UserServiceTest" time="0.049"/>
  <testcase name="savingNullCollectionIsNoOp" classname="com.albedo.java.modules.sys.service.UserServiceTest" time="0.002"/>
  <testcase name="savingEmptyCollectionIsNoOp" classname="com.albedo.java.modules.sys.service.UserServiceTest" time="0.001"/>
  <testcase name="testDelete" classname="com.albedo.java.modules.sys.service.UserServiceTest" time="0.046"/>
  <testcase name="savesCollectionCorrectly" classname="com.albedo.java.modules.sys.service.UserServiceTest" time="0.01"/>
  <testcase name="testCountsCorrectly" classname="com.albedo.java.modules.sys.service.UserServiceTest" time="0.006"/>
  <testcase name="returnsAllIgnoreCaseSortedCorrectly" classname="com.albedo.java.modules.sys.service.UserServiceTest" time="0.039"/>
  <testcase name="testUpdate" classname="com.albedo.java.modules.sys.service.UserServiceTest" time="0.04"/>
  <testcase name="deleteEmptyCollectionDoesNotDeleteAnything" classname="com.albedo.java.modules.sys.service.UserServiceTest" time="0.038"/>
  <testcase name="returnsSameListIfNoSortIsGiven" classname="com.albedo.java.modules.sys.service.UserServiceTest" time="0.039"/>
</testsuite>